linear;15;15;100000;10240;1;;2332;2176
alloc:
min:0 max:656 avg:1 nb:1500000
 0;508249
 1;900970
 2;80727
 3;7487
 4;707
 5;342
 6;326
 7;286
 8;248
 9;189
 10;123
 11;71
 12;50
 13;35
 14;31
 15;11
 16;10
 17;13
 18;1
 19;9
 20;1
 21;6
 22;3
 23;4
 24;1
 25;2
 26;2
 27;3
 29;2
 31;2
 33;1
 34;1
 36;2
 37;1
 38;1
 39;1
 40;1
 44;1
 48;2
 50;2
 53;2
 54;2
 56;4
 57;1
 58;1
 61;1
 62;1
 63;1
 65;1
 66;1
 67;1
 68;1
 73;2
 74;1
 77;1
 82;1
 85;2
 87;1
 90;2
 91;1
 96;2
 97;1
 101;1
 106;1
 110;1
 112;1
 116;1
 117;1
 120;2
 122;1
 124;2
 130;1
 134;1
 144;1
 147;2
 153;2
 154;1
 158;1
 167;1
 168;1
 169;1
 170;1
 172;1
 179;1
 188;1
 193;1
 196;1
 200;1
 205;1
 220;1
 222;1
 241;2
 246;1
 260;1
 282;1
 284;1
 290;1
 338;1
 347;1
 385;1
 401;1
 656;1
 min:0 max:282 avg:1 nb:100000
 min:0 max:172 avg:1 nb:100000
 min:0 max:220 avg:1 nb:100000
 min:0 max:385 avg:1 nb:100000
 min:0 max:401 avg:1 nb:100000
 min:0 max:144 avg:1 nb:100000
 min:0 max:656 avg:1 nb:100000
 min:0 max:169 avg:1 nb:100000
 min:0 max:21 avg:1 nb:100000
 min:0 max:290 avg:1 nb:100000
 min:0 max:77 avg:1 nb:100000
 min:0 max:347 avg:1 nb:100000
 min:0 max:205 avg:1 nb:100000
 min:0 max:260 avg:1 nb:100000
 min:0 max:246 avg:1 nb:100000
free:
min:0 max:840 avg:0 nb:1500000
 0;1490692
 1;9023
 2;195
 3;15
 4;2
 9;1
 10;2
 13;1
 14;2
 17;1
 19;1
 21;2
 22;2
 23;2
 25;1
 31;2
 32;1
 39;2
 41;1
 42;1
 45;2
 46;1
 47;1
 49;1
 50;1
 52;2
 53;1
 56;1
 59;1
 63;1
 64;1
 70;1
 73;1
 74;1
 75;1
 80;2
 89;1
 90;1
 91;1
 93;1
 97;1
 101;1
 104;1
 107;1
 112;1
 118;1
 119;1
 120;1
 133;2
 138;1
 141;1
 145;1
 155;1
 164;1
 166;2
 171;1
 181;1
 182;1
 184;1
 190;1
 265;1
 313;1
 341;1
 382;1
 387;1
 840;1
 min:0 max:166 avg:0 nb:102439
 min:0 max:119 avg:0 nb:105974
 min:0 max:382 avg:0 nb:96391
 min:0 max:840 avg:0 nb:102781
 min:0 max:107 avg:0 nb:101034
 min:0 max:141 avg:0 nb:98404
 min:0 max:164 avg:0 nb:97797
 min:0 max:387 avg:0 nb:100225
 min:0 max:73 avg:0 nb:94833
 min:0 max:2 avg:0 nb:100199
 min:0 max:341 avg:0 nb:98074
 min:0 max:145 avg:0 nb:106652
 min:0 max:166 avg:0 nb:97165
 min:0 max:155 avg:0 nb:100356
 min:0 max:120 avg:0 nb:97676
