tree;1;30;100000;10240;1;;2011;64
alloc:
min:0 max:1099 avg:0 nb:100000
 0;96878
 1;2993
 2;39
 3;14
 10;1
 13;1
 19;2
 20;2
 29;2
 34;1
 37;1
 38;1
 42;1
 43;1
 51;1
 56;1
 59;1
 63;1
 77;1
 89;1
 92;1
 105;1
 117;1
 127;1
 129;1
 130;1
 131;1
 134;1
 136;1
 151;1
 153;1
 162;1
 168;1
 169;1
 175;1
 191;1
 192;1
 199;1
 202;2
 203;2
 206;1
 209;1
 213;1
 221;1
 226;1
 233;1
 234;1
 237;1
 239;1
 244;1
 271;1
 282;1
 289;1
 295;1
 316;1
 329;1
 336;1
 341;1
 394;1
 444;1
 452;1
 476;1
 486;1
 506;2
 535;1
 579;1
 595;1
 598;1
 602;1
 609;1
 681;1
 718;1
 785;1
 1099;1
 min:0 max:1099 avg:0 nb:100000
free:
min:0 max:347 avg:0 nb:100000
 0;99704
 1;285
 2;6
 80;1
 116;1
 187;1
 212;1
 347;1
 min:0 max:1 avg:0 nb:3716
 min:0 max:347 avg:0 nb:3760
 min:0 max:0 avg:0 nb:1027
 min:0 max:1 avg:0 nb:3717
 min:0 max:1 avg:0 nb:2868
 min:0 max:1 avg:0 nb:3009
 min:0 max:1 avg:0 nb:3533
 min:0 max:1 avg:0 nb:3916
 min:0 max:1 avg:0 nb:3232
 min:0 max:1 avg:0 nb:2893
 min:0 max:1 avg:0 nb:3020
 min:0 max:1 avg:0 nb:3587
 min:0 max:1 avg:0 nb:2769
 min:0 max:80 avg:0 nb:3823
 min:0 max:1 avg:0 nb:3045
 min:0 max:1 avg:0 nb:3728
 min:0 max:116 avg:0 nb:3116
 min:0 max:212 avg:0 nb:3694
 min:0 max:2 avg:0 nb:3648
 min:0 max:1 avg:0 nb:3872
 min:0 max:187 avg:0 nb:3165
 min:0 max:2 avg:0 nb:3152
 min:0 max:1 avg:0 nb:3818
 min:0 max:1 avg:0 nb:2985
 min:0 max:2 avg:0 nb:3769
 min:0 max:2 avg:0 nb:3075
 min:0 max:2 avg:0 nb:3739
 min:0 max:1 avg:0 nb:3896
 min:0 max:1 avg:0 nb:3080
 min:0 max:1 avg:0 nb:3348
